Arguments: 
  C:\Program Files\nodejs\node.exe C:\Users\lukas\AppData\Roaming\npm\node_modules\yarn\bin\yarn.js add react-helmet-async

PATH: 
  C:\Program Files\NVIDIA GPU Computing Toolkit\CUDA\v10.2\bin;C:\Program Files\NVIDIA GPU Computing Toolkit\CUDA\v10.2\libnvvp;C:\Users\lukas\AppData\Local\Programs\Python\Python310\Scripts\;C:\Users\lukas\AppData\Local\Programs\Python\Python310\;C:\Program Files\Common Files\Oracle\Java\javapath;C:\Program Files (x86)\Common Files\Oracle\Java\javapath;C:\Windows\system32;C:\Windows;C:\Windows\System32\Wbem;C:\Windows\System32\WindowsPowerShell\v1.0\;C:\Windows\System32\OpenSSH\;C:\Program Files (x86)\NVIDIA Corporation\PhysX\Common;C:\Program Files\NVIDIA Corporation\NVIDIA NvDLISR;C:\Program Files\dotnet\;C:\Program Files\WindowsPowerShell\Scripts;D:\Tools\Tools;C:\Program Files\NVIDIA Corporation\Nsight Compute 2019.5.0\;C:\adb;C:\Program Files\Mullvad VPN\resources;C:\Program Files\VSCodium\bin;C:\Program Files\Git\cmd;C:\ProgramData\chocolatey\bin;C:\Program Files\nodejs\;C:\Users\lukas\AppData\Local\Microsoft\WindowsApps;D:\Tools\Tools;C:\adb;C:\Users\lukas\AppData\Local\spicetify;C:\Program Files\JetBrains\IntelliJ IDEA Community Edition 2022.2.3\bin;C:\Users\lukas\AppData\Local\JetBrains\Toolbox\scripts;;C:\Users\lukas\AppData\Local\Programs\Microsoft VS Code Insiders\bin;C:\Users\lukas\AppData\Roaming\npm

Yarn version: 
  1.22.19

Node version: 
  19.1.0

Platform: 
  win32 x64

Trace: 
  Error: EPERM: operation not permitted, unlink 'C:\Users\lukas\Documents\csgo\gamesense\lua-auth\node_modules\esbuild-windows-64\esbuild.exe'

npm manifest: 
  {
    "private": true,
    "sideEffects": false,
    "scripts": {
      "build": "npm run build:css && remix build",
      "build:css": "tailwindcss -m -i ./styles/app.css -o app/styles/app.css",
      "dev": "concurrently \"npm run dev:css\" \"remix dev\"",
      "dev:css": "tailwindcss -w -i ./styles/app.css -o app/styles/app.css"
    },
    "dependencies": {
      "@remix-run/node": "^1.7.6",
      "@remix-run/react": "^1.7.6",
      "@remix-run/serve": "^1.7.6",
      "daisyui": "^2.41.0",
      "isbot": "^3.6.5",
      "react": "^18.2.0",
      "react-dom": "^18.2.0",
      "react-helmet": "^6.1.0"
    },
    "devDependencies": {
      "@remix-run/dev": "^1.7.6",
      "@remix-run/eslint-config": "^1.7.6",
      "@types/react": "^18.0.25",
      "@types/react-dom": "^18.0.8",
      "autoprefixer": "^10.4.13",
      "concurrently": "^7.5.0",
      "eslint": "^8.27.0",
      "postcss": "^8.4.19",
      "tailwindcss": "^3.2.4",
      "typescript": "^4.8.4"
    },
    "engines": {
      "node": ">=14"
    }
  }

yarn manifest: 
  No manifest

Lockfile: 
  No lockfile
